====
Starting job 5064139 at Mon Apr 11 12:32:48 BST 2022 for user dc-corr1.
Running on nodes: m7240
====
Parsed arguments:
---------------------

Snapshot list: ['colibre_0036.hdf5', 'colibre_0036.hdf5', 'colibre_0036.hdf5']
Catalogue list: ['halo_0036.properties', 'halo_0036.properties', 'halo_0036.properties']
Input directory list: ['/cosma7/data/dp004/dc-corr1/SIMULATION_RUNS/2022_04_COLIBRE/L012N188_NewYields_SNIILin8hi40_DTDExp2nu1p6_vBF', '/cosma7/data/dp004/dc-corr1/SIMULATION_RUNS/2022_04_COLIBRE/L050N376_NewYields_SNIILin8hi40_DTDExp2nu1p6_vBF', '/cosma7/data/dp004/dc-corr1/SIMULATION_RUNS/2022_04_COLIBRE/L025N188_NewYields_SNIILin8hi40_DTDExp2nu1p6_vBF']
Run names: ['L12DTDtau2nu1p6', 'L50DTDtau2nu1p6', 'L25DTDtau2nu1p6']
Output directory: /cosma/home/www/swift.dur.ac.uk/public_html/COLIBREPlots/ccorrea/AbundancePlots/2022_04_comparison/ConvergenceTest1
Number of runs: 3

Minimum stellar mass, [1e6Msun]  107.7514125
Minimum gas mass, [1e6Msun]  180.7953
Data from run 'L12DTDtau2nu1p6' has been loaded! 

Photometry tables have been loaded! 

Minimum stellar mass, [1e6Msun]  845.9968
Minimum gas mass, [1e6Msun]  1446.3624
Data from run 'L50DTDtau2nu1p6' has been loaded! 

Minimum stellar mass, [1e6Msun]  847.1783
Minimum gas mass, [1e6Msun]  1446.3055
Data from run 'L25DTDtau2nu1p6' has been loaded! 

The script was run in 3 hours, 8 minutes, and 38 seconds
